# Brightness temperatures of input model juno_mwr.inp - model 0 test
# Freq (GHz)       0.0       0.3       0.5       0.8
         0.6    824.08    807.89    759.15    678.15
         1.2    424.50    420.13    407.11    385.43
         2.6    298.68    296.58    290.13    278.76
         5.2    227.49    226.14    222.00    214.68
        10.0    178.86    178.13    175.88    172.03
        22.0    137.91    137.74    137.20    136.21
# Brightness temperatures of input model juno_mwr.inp - model 1
# Freq (GHz)       0.0       0.3       0.5       0.8
         0.6    824.08    807.89    759.15    678.15
         1.2    424.50    420.13    407.11    385.43
         2.6    298.68    296.58    290.13    278.76
         5.2    227.49    226.14    222.00    214.68
        10.0    178.86    178.13    175.88    172.03
        22.0    137.91    137.74    137.20    136.21
# Brightness temperatures of input model juno_mwr.inp - model 2
# Freq (GHz)       0.0       0.3       0.5       0.8
         0.6    824.08    807.89    759.15    678.15
         1.2    424.50    420.13    407.11    385.43
         2.6    298.68    296.58    290.13    278.76
         5.2    227.49    226.14    222.00    214.68
        10.0    178.86    178.13    175.88    172.03
        22.0    137.91    137.74    137.20    136.21
# Brightness temperatures of input model juno_mwr.inp - model 3
# Freq (GHz)       0.0       0.3       0.5       0.8
         0.6    824.08    807.89    759.15    678.15
         1.2    424.50    420.13    407.11    385.43
         2.6    298.68    296.58    290.13    278.76
         5.2    227.49    226.14    222.00    214.68
        10.0    178.86    178.13    175.88    172.03
        22.0    137.91    137.74    137.20    136.21
